660  DEBUG [2019-08-22 19:22:22]  Creating shared instance of singleton bean 'org.springframework.context.annotation.internalPersistenceAnnotationProcessor'
661  DEBUG [2019-08-22 19:22:22]  Creating instance of bean 'org.springframework.context.annotation.internalPersistenceAnnotationProcessor'
661  DEBUG [2019-08-22 19:22:22]  Eagerly caching bean 'org.springframework.context.annotation.internalPersistenceAnnotationProcessor' to allow for resolving potential circular references
671  DEBUG [2019-08-22 19:22:22]  Finished creating instance of bean 'org.springframework.context.annotation.internalPersistenceAnnotationProcessor'
674  DEBUG [2019-08-22 19:22:22]  Unable to locate MessageSource with name 'messageSource': using default [org.springframework.context.support.DelegatingMessageSource@1984b1f]
689  DEBUG [2019-08-22 19:22:22]  Unable to locate ApplicationEventMulticaster with name 'applicationEventMulticaster': using default [org.springframework.context.event.SimpleApplicationEventMulticaster@54504ecd]
691  DEBUG [2019-08-22 19:22:22]  Pre-instantiating singletons in org.springframework.beans.factory.support.DefaultListableBeanFactory@6e535154: defining beans [Article,CollecDao,UserDao,ArticleService,CollecService,UserService,articleAction,collecAction,loginAction,userAction,org.springframework.context.annotation.internalConfigurationAnnotationProcessor,org.springframework.context.annotation.internalAutowiredAnnotationProcessor,org.springframework.context.annotation.internalRequiredAnnotationProcessor,org.springframework.context.annotation.internalCommonAnnotationProcessor,org.springframework.context.annotation.internalPersistenceAnnotationProcessor,org.springframework.context.event.internalEventListenerProcessor,org.springframework.context.event.internalEventListenerFactory,db,dataSource,sessionFactory,hibernateTemplate]; root of factory hierarchy
691  DEBUG [2019-08-22 19:22:22]  Creating shared instance of singleton bean 'Article'
691  DEBUG [2019-08-22 19:22:22]  Creating instance of bean 'Article'
701  DEBUG [2019-08-22 19:22:22]  Registered injected element on class [edu.xaut.dao.ArticleDaoImpl]: ResourceElement for private org.springframework.orm.hibernate3.HibernateTemplate edu.xaut.dao.ArticleDaoImpl.hibernateTemplate
709  DEBUG [2019-08-22 19:22:23]  Eagerly caching bean 'Article' to allow for resolving potential circular references
713  DEBUG [2019-08-22 19:22:23]  Processing injected element of bean 'Article': ResourceElement for private org.springframework.orm.hibernate3.HibernateTemplate edu.xaut.dao.ArticleDaoImpl.hibernateTemplate
713  DEBUG [2019-08-22 19:22:23]  Creating shared instance of singleton bean 'hibernateTemplate'
714  DEBUG [2019-08-22 19:22:23]  Creating instance of bean 'hibernateTemplate'
729  DEBUG [2019-08-22 19:22:23]  Eagerly caching bean 'hibernateTemplate' to allow for resolving potential circular references
747  DEBUG [2019-08-22 19:22:23]  Creating shared instance of singleton bean 'sessionFactory'
747  DEBUG [2019-08-22 19:22:23]  Creating instance of bean 'sessionFactory'
761  DEBUG [2019-08-22 19:22:23]  Eagerly caching bean 'sessionFactory' to allow for resolving potential circular references
777  DEBUG [2019-08-22 19:22:23]  Creating shared instance of singleton bean 'dataSource'
777  DEBUG [2019-08-22 19:22:23]  Creating instance of bean 'dataSource'
779  DEBUG [2019-08-22 19:22:23]  Eagerly caching bean 'dataSource' to allow for resolving potential circular references
836  DEBUG [2019-08-22 19:22:23]  Creating shared instance of singleton bean 'db'
836  DEBUG [2019-08-22 19:22:23]  Creating instance of bean 'db'
838  DEBUG [2019-08-22 19:22:23]  Eagerly caching bean 'db' to allow for resolving potential circular references
859  DEBUG [2019-08-22 19:22:23]  Invoking afterPropertiesSet() on bean with name 'db'
860  DEBUG [2019-08-22 19:22:23]  Loading properties file from class path resource [conf/db.properties]
863  DEBUG [2019-08-22 19:22:23]  Finished creating instance of bean 'db'
866  DEBUG [2019-08-22 19:22:23]  Returning cached instance of singleton bean 'db'
867  DEBUG [2019-08-22 19:22:23]  Returning cached instance of singleton bean 'db'
867  DEBUG [2019-08-22 19:22:23]  Returning cached instance of singleton bean 'db'
873  INFO  [2019-08-22 19:22:23]  Loaded JDBC driver: com.mysql.jdbc.Driver
875  DEBUG [2019-08-22 19:22:23]  Finished creating instance of bean 'dataSource'
878  DEBUG [2019-08-22 19:22:23]  Looking for matching resources in directory tree [E:\服务器上传文件\blog\target\classes\hbm]
878  DEBUG [2019-08-22 19:22:23]  Searching directory [E:\服务器上传文件\blog\target\classes\hbm] for files matching pattern [E:/服务器上传文件/blog/target/classes/hbm/*.hbm.xml]
879  DEBUG [2019-08-22 19:22:23]  Resolved location pattern [classpath:hbm/*.hbm.xml] to resources [file [E:\服务器上传文件\blog\target\classes\hbm\Article.hbm.xml], file [E:\服务器上传文件\blog\target\classes\hbm\Collec.hbm.xml], file [E:\服务器上传文件\blog\target\classes\hbm\User.hbm.xml]]
880  DEBUG [2019-08-22 19:22:23]  Invoking afterPropertiesSet() on bean with name 'sessionFactory'
1322 INFO  [2019-08-22 19:22:23]  Building new Hibernate SessionFactory
1333 DEBUG [2019-08-22 19:22:23]  Creating new JDBC DriverManager Connection to [jdbc:mysql://localhost:3306/myblog?useUnicode=true&characterEncoding=utf8]
2151 DEBUG [2019-08-22 19:22:24]  Finished creating instance of bean 'sessionFactory'
2151 DEBUG [2019-08-22 19:22:24]  Invoking afterPropertiesSet() on bean with name 'hibernateTemplate'
2152 DEBUG [2019-08-22 19:22:24]  Finished creating instance of bean 'hibernateTemplate'
2153 DEBUG [2019-08-22 19:22:24]  Finished creating instance of bean 'Article'
2153 DEBUG [2019-08-22 19:22:24]  Creating shared instance of singleton bean 'CollecDao'
2153 DEBUG [2019-08-22 19:22:24]  Creating instance of bean 'CollecDao'
2154 DEBUG [2019-08-22 19:22:24]  Registered injected element on class [edu.xaut.dao.CollecDaoImpl]: ResourceElement for private org.springframework.orm.hibernate3.HibernateTemplate edu.xaut.dao.CollecDaoImpl.hibernateTemplate
2154 DEBUG [2019-08-22 19:22:24]  Eagerly caching bean 'CollecDao' to allow for resolving potential circular references
2157 DEBUG [2019-08-22 19:22:24]  Processing injected element of bean 'CollecDao': ResourceElement for private org.springframework.orm.hibernate3.HibernateTemplate edu.xaut.dao.CollecDaoImpl.hibernateTemplate
2158 DEBUG [2019-08-22 19:22:24]  Returning cached instance of singleton bean 'hibernateTemplate'
2159 DEBUG [2019-08-22 19:22:24]  Finished creating instance of bean 'CollecDao'
2159 DEBUG [2019-08-22 19:22:24]  Creating shared instance of singleton bean 'UserDao'
2159 DEBUG [2019-08-22 19:22:24]  Creating instance of bean 'UserDao'
2160 DEBUG [2019-08-22 19:22:24]  Registered injected element on class [edu.xaut.dao.UserDaoImpl]: ResourceElement for private org.springframework.orm.hibernate3.HibernateTemplate edu.xaut.dao.UserDaoImpl.hibernateTemplate
2160 DEBUG [2019-08-22 19:22:24]  Eagerly caching bean 'UserDao' to allow for resolving potential circular references
2163 DEBUG [2019-08-22 19:22:24]  Processing injected element of bean 'UserDao': ResourceElement for private org.springframework.orm.hibernate3.HibernateTemplate edu.xaut.dao.UserDaoImpl.hibernateTemplate
2163 DEBUG [2019-08-22 19:22:24]  Returning cached instance of singleton bean 'hibernateTemplate'
2164 DEBUG [2019-08-22 19:22:24]  Finished creating instance of bean 'UserDao'
2165 DEBUG [2019-08-22 19:22:24]  Creating shared instance of singleton bean 'ArticleService'
2165 DEBUG [2019-08-22 19:22:24]  Creating instance of bean 'ArticleService'
2165 DEBUG [2019-08-22 19:22:24]  Registered injected element on class [edu.xaut.service.ArticleServiceImpl]: ResourceElement for private edu.xaut.dao.ArticleDao edu.xaut.service.ArticleServiceImpl.articleDao
2165 DEBUG [2019-08-22 19:22:24]  Eagerly caching bean 'ArticleService' to allow for resolving potential circular references
2168 DEBUG [2019-08-22 19:22:24]  Processing injected element of bean 'ArticleService': ResourceElement for private edu.xaut.dao.ArticleDao edu.xaut.service.ArticleServiceImpl.articleDao
2175 DEBUG [2019-08-22 19:22:24]  Returning cached instance of singleton bean 'Article'
2176 DEBUG [2019-08-22 19:22:24]  Finished creating instance of bean 'ArticleService'
2176 DEBUG [2019-08-22 19:22:24]  Creating shared instance of singleton bean 'CollecService'
2176 DEBUG [2019-08-22 19:22:24]  Creating instance of bean 'CollecService'
2177 DEBUG [2019-08-22 19:22:24]  Registered injected element on class [edu.xaut.service.CollecServiceImpl]: ResourceElement for private edu.xaut.dao.CollecDao edu.xaut.service.CollecServiceImpl.collecDao
2177 DEBUG [2019-08-22 19:22:24]  Eagerly caching bean 'CollecService' to allow for resolving potential circular references
2180 DEBUG [2019-08-22 19:22:24]  Processing injected element of bean 'CollecService': ResourceElement for private edu.xaut.dao.CollecDao edu.xaut.service.CollecServiceImpl.collecDao
2181 DEBUG [2019-08-22 19:22:24]  Returning cached instance of singleton bean 'CollecDao'
2182 DEBUG [2019-08-22 19:22:24]  Finished creating instance of bean 'CollecService'
2182 DEBUG [2019-08-22 19:22:24]  Creating shared instance of singleton bean 'UserService'
2182 DEBUG [2019-08-22 19:22:24]  Creating instance of bean 'UserService'
2182 DEBUG [2019-08-22 19:22:24]  Registered injected element on class [edu.xaut.service.UserServiceImpl]: ResourceElement for private edu.xaut.dao.UserDao edu.xaut.service.UserServiceImpl.ud
2183 DEBUG [2019-08-22 19:22:24]  Eagerly caching bean 'UserService' to allow for resolving potential circular references
2186 DEBUG [2019-08-22 19:22:24]  Processing injected element of bean 'UserService': ResourceElement for private edu.xaut.dao.UserDao edu.xaut.service.UserServiceImpl.ud
2186 DEBUG [2019-08-22 19:22:24]  Returning cached instance of singleton bean 'UserDao'
2187 DEBUG [2019-08-22 19:22:24]  Finished creating instance of bean 'UserService'
2188 DEBUG [2019-08-22 19:22:24]  Returning cached instance of singleton bean 'org.springframework.context.annotation.internalConfigurationAnnotationProcessor'
2188 DEBUG [2019-08-22 19:22:24]  Returning cached instance of singleton bean 'org.springframework.context.annotation.internalAutowiredAnnotationProcessor'
2188 DEBUG [2019-08-22 19:22:24]  Returning cached instance of singleton bean 'org.springframework.context.annotation.internalRequiredAnnotationProcessor'
2188 DEBUG [2019-08-22 19:22:24]  Returning cached instance of singleton bean 'org.springframework.context.annotation.internalCommonAnnotationProcessor'
2188 DEBUG [2019-08-22 19:22:24]  Returning cached instance of singleton bean 'org.springframework.context.annotation.internalPersistenceAnnotationProcessor'
2188 DEBUG [2019-08-22 19:22:24]  Creating shared instance of singleton bean 'org.springframework.context.event.internalEventListenerProcessor'
2188 DEBUG [2019-08-22 19:22:24]  Creating instance of bean 'org.springframework.context.event.internalEventListenerProcessor'
2190 DEBUG [2019-08-22 19:22:24]  Eagerly caching bean 'org.springframework.context.event.internalEventListenerProcessor' to allow for resolving potential circular references
2194 DEBUG [2019-08-22 19:22:24]  Finished creating instance of bean 'org.springframework.context.event.internalEventListenerProcessor'
2194 DEBUG [2019-08-22 19:22:24]  Creating shared instance of singleton bean 'org.springframework.context.event.internalEventListenerFactory'
2194 DEBUG [2019-08-22 19:22:24]  Creating instance of bean 'org.springframework.context.event.internalEventListenerFactory'
2194 DEBUG [2019-08-22 19:22:24]  Eagerly caching bean 'org.springframework.context.event.internalEventListenerFactory' to allow for resolving potential circular references
2200 DEBUG [2019-08-22 19:22:24]  Finished creating instance of bean 'org.springframework.context.event.internalEventListenerFactory'
2200 DEBUG [2019-08-22 19:22:24]  Returning cached instance of singleton bean 'db'
2200 DEBUG [2019-08-22 19:22:24]  Returning cached instance of singleton bean 'dataSource'
2201 DEBUG [2019-08-22 19:22:24]  Returning cached instance of singleton bean 'sessionFactory'
2201 DEBUG [2019-08-22 19:22:24]  Returning cached instance of singleton bean 'hibernateTemplate'
2201 DEBUG [2019-08-22 19:22:24]  Returning cached instance of singleton bean 'org.springframework.context.event.internalEventListenerFactory'
2254 DEBUG [2019-08-22 19:22:24]  Unable to locate LifecycleProcessor with name 'lifecycleProcessor': using default [org.springframework.context.support.DefaultLifecycleProcessor@76b224cd]
2254 DEBUG [2019-08-22 19:22:24]  Returning cached instance of singleton bean 'lifecycleProcessor'
2257 DEBUG [2019-08-22 19:22:24]  Could not find key 'spring.liveBeansView.mbeanDomain' in any property source
2258 DEBUG [2019-08-22 19:22:24]  Returning cached instance of singleton bean 'UserService'
2270 DEBUG [2019-08-22 19:22:24]  Opening Hibernate Session
2422 DEBUG [2019-08-22 19:22:24]  Creating new JDBC DriverManager Connection to [jdbc:mysql://localhost:3306/myblog?useUnicode=true&characterEncoding=utf8]
2457 DEBUG [2019-08-22 19:22:24]  Eagerly flushing Hibernate session
2460 DEBUG [2019-08-22 19:22:24]  Closing Hibernate Session
2464 DEBUG [2019-08-22 19:22:24]  Opening Hibernate Session
2472 DEBUG [2019-08-22 19:22:24]  Creating new JDBC DriverManager Connection to [jdbc:mysql://localhost:3306/myblog?useUnicode=true&characterEncoding=utf8]
2486 DEBUG [2019-08-22 19:22:24]  Eagerly flushing Hibernate session
2486 DEBUG [2019-08-22 19:22:24]  Closing Hibernate Session
2486 DEBUG [2019-08-22 19:22:24]  Opening Hibernate Session
2487 DEBUG [2019-08-22 19:22:24]  Creating new JDBC DriverManager Connection to [jdbc:mysql://localhost:3306/myblog?useUnicode=true&characterEncoding=utf8]
2497 DEBUG [2019-08-22 19:22:24]  Eagerly flushing Hibernate session
2497 DEBUG [2019-08-22 19:22:24]  Closing Hibernate Session
